<?xml version="1.0" encoding="UTF-8"?>
<!-- Generated by org.testng.reporters.JUnitXMLReporter -->
<testsuite ignored="2" hostname="DESKTOP-P33KVPF" failures="0" tests="3" name="HrmTest2" time="30.069" errors="0" timestamp="2023-09-17T01:59:37 IST">
  <testcase classname="com.hrm.baseclass.BaseClassDD" name="@AfterTest tearDown" time="3.972">
    <failure type="java.lang.AssertionError" message="The following asserts failed:
	expected [true] but found [false]">
      <![CDATA[java.lang.AssertionError: The following asserts failed:
expected [true] but found [false]
at com.hrm.baseclass.BaseClassDD.tearDown(BaseClassDD.java:200)
... Removed 24 stack frames]]>
    </failure>
  </testcase> <!-- @AfterTest tearDown -->
  <testcase classname="com.hrm.testcases.TC_006_DataDrivenTestingFor3FailedAttempts" name="verifyLoginWithThreeWrongAttempts" time="1.419"/>
  <testcase classname="com.hrm.testcases.TC_006_DataDrivenTestingFor3FailedAttempts" name="verifyLoginWithThreeWrongAttempts" time="3.085"/>
  <testcase classname="com.hrm.testcases.TC_006_DataDrivenTestingFor3FailedAttempts" name="verifyLoginWithThreeWrongAttempts" time="1.571"/>
  <testcase classname="com.hrm.baseclass.BaseClassDD" name="@AfterTest tearDown" time="0.0">
    <ignored/>
  </testcase> <!-- @AfterTest tearDown -->
  <testcase classname="com.hrm.baseclass.BaseClassDD" name="@BeforeTest setupBeforeTest" time="0.0">
    <ignored/>
  </testcase> <!-- @BeforeTest setupBeforeTest -->
</testsuite> <!-- HrmTest2 -->
