<?xml version="1.0" encoding="UTF-8"?>
<!-- Generated by org.testng.reporters.JUnitXMLReporter -->
<testsuite ignored="0" hostname="DESKTOP-P33KVPF" failures="11" tests="26" name="HrmTest1" time="853.759" errors="0" timestamp="2023-09-17T20:19:08 IST">
  <testcase classname="com.hrm.testcases.TC_001_VerifyHomePage" name="compareHomePageScreenshot" time="7.288">
    <failure type="java.lang.AssertionError" message="The following asserts failed:
	expected [false] but found [true]">
      <![CDATA[java.lang.AssertionError: The following asserts failed:
expected [false] but found [true]
at com.hrm.testcases.TC_001_VerifyHomePage.compareHomePageScreenshot(TC_001_VerifyHomePage.java:39)
at java.base/java.util.ArrayList.forEach(ArrayList.java:1511)
... Removed 27 stack frames]]>
    </failure>
  </testcase> <!-- compareHomePageScreenshot -->
  <testcase classname="com.hrm.testcases.TC_002_VerifyHomeLoginWithCredentials" name="invalidPasswordAttempt" time="2.783"/>
  <testcase classname="com.hrm.testcases.TC_002_VerifyHomeLoginWithCredentials" name="validPasswordAttempt" time="9.401">
    <failure type="java.lang.AssertionError" message="The following asserts failed:
	expected [true] but found [false]">
      <![CDATA[java.lang.AssertionError: The following asserts failed:
expected [true] but found [false]
at com.hrm.testcases.TC_002_VerifyHomeLoginWithCredentials.validPasswordAttempt(TC_002_VerifyHomeLoginWithCredentials.java:83)
at java.base/java.util.ArrayList.forEach(ArrayList.java:1511)
... Removed 27 stack frames]]>
    </failure>
  </testcase> <!-- validPasswordAttempt -->
  <testcase classname="com.hrm.testcases.TC_003_VerifyAdminModule" name="deleteUser" time="29.614"/>
  <testcase classname="com.hrm.testcases.TC_003_VerifyAdminModule" name="verifyAdminPageContents" time="8.106"/>
  <testcase classname="com.hrm.testcases.TC_003_VerifyAdminModule" name="verifyResultsForStatusEnabled" time="14.924"/>
  <testcase classname="com.hrm.testcases.TC_003_VerifyAdminModule" name="verifyResultsForStatusDisabled" time="16.468"/>
  <testcase classname="com.hrm.testcases.TC_003_VerifyAdminModule" name="verifyResultsForUserRoleESS" time="21.994"/>
  <testcase classname="com.hrm.testcases.TC_003_VerifyAdminModule" name="verifyResultsForUserRoleAdmin" time="9.972"/>
  <testcase classname="com.hrm.testcases.TC_003_VerifyAdminModule" name="verifyUserRoleOptions" time="7.416"/>
  <testcase classname="com.hrm.testcases.TC_003_VerifyAdminModule" name="verifyStatusAfterAddingNewUser" time="18.388"/>
  <testcase classname="com.hrm.testcases.TC_003_VerifyAdminModule" name="verifySearchResultWithExistingUsername" time="9.594"/>
  <testcase classname="com.hrm.testcases.TC_003_VerifyAdminModule" name="verifyExistingEmployeeNameRecords" time="17.054"/>
  <testcase classname="com.hrm.testcases.TC_003_VerifyAdminModule" name="verifyNonExistingEmployeeNameRecords" time="10.368">
    <failure type="java.lang.AssertionError" message="The following asserts failed:
	expected [true] but found [false]">
      <![CDATA[java.lang.AssertionError: The following asserts failed:
expected [true] but found [false]
at com.hrm.testcases.TC_003_VerifyAdminModule.verifyNonExistingEmployeeNameRecords(TC_003_VerifyAdminModule.java:299)
at java.base/java.util.ArrayList.forEach(ArrayList.java:1511)
... Removed 27 stack frames]]>
    </failure>
  </testcase> <!-- verifyNonExistingEmployeeNameRecords -->
  <testcase classname="com.hrm.testcases.TC_003_VerifyAdminModule" name="verifyStatusContentsInDropDown" time="10.979"/>
  <testcase classname="com.hrm.testcases.TC_003_VerifyAdminModule" name="compareAddUserScreenshot" time="15.398">
    <failure type="java.lang.AssertionError" message="The following asserts failed:
	expected [true] but found [false],
	expected [true] but found [false]">
      <![CDATA[java.lang.AssertionError: The following asserts failed:
expected [true] but found [false],
expected [true] but found [false]
at com.hrm.testcases.TC_003_VerifyAdminModule.compareAddUserScreenshot(TC_003_VerifyAdminModule.java:471)
at java.base/java.util.ArrayList.forEach(ArrayList.java:1511)
... Removed 27 stack frames]]>
    </failure>
  </testcase> <!-- compareAddUserScreenshot -->
  <testcase classname="com.hrm.testcases.TC_003_VerifyAdminModule" name="verifyByAddingNewDuplicateUsername" time="29.809">
    <failure type="java.lang.AssertionError" message="The following asserts failed:
	expected [true] but found [false],
	expected [true] but found [false],
	expected [true] but found [false]">
      <![CDATA[java.lang.AssertionError: The following asserts failed:
expected [true] but found [false],
expected [true] but found [false],
expected [true] but found [false]
at com.hrm.testcases.TC_003_VerifyAdminModule.verifyByAddingNewDuplicateUsername(TC_003_VerifyAdminModule.java:594)
at java.base/java.util.ArrayList.forEach(ArrayList.java:1511)
... Removed 27 stack frames]]>
    </failure>
  </testcase> <!-- verifyByAddingNewDuplicateUsername -->
  <testcase classname="com.hrm.testcases.TC_004_FieldLevelValidations" name="validatingAddUserWhenEmployeeNameFieldIsEmpty" time="18.211">
    <failure type="java.lang.AssertionError" message="The following asserts failed:
	expected [true] but found [false]">
      <![CDATA[java.lang.AssertionError: The following asserts failed:
expected [true] but found [false]
at com.hrm.testcases.TC_004_FieldLevelValidations.validatingAddUserWhenEmployeeNameFieldIsEmpty(TC_004_FieldLevelValidations.java:103)
at java.base/java.util.ArrayList.forEach(ArrayList.java:1511)
... Removed 27 stack frames]]>
    </failure>
  </testcase> <!-- validatingAddUserWhenEmployeeNameFieldIsEmpty -->
  <testcase classname="com.hrm.testcases.TC_004_FieldLevelValidations" name="validatingAddUserWhenEmployeeNameFieldValuesAreLessThanMinimum" time="18.334">
    <failure type="java.lang.AssertionError" message="The following asserts failed:
	expected [true] but found [false],
	expected [true] but found [false]">
      <![CDATA[java.lang.AssertionError: The following asserts failed:
expected [true] but found [false],
expected [true] but found [false]
at com.hrm.testcases.TC_004_FieldLevelValidations.validatingAddUserWhenEmployeeNameFieldValuesAreLessThanMinimum(TC_004_FieldLevelValidations.java:157)
at java.base/java.util.ArrayList.forEach(ArrayList.java:1511)
... Removed 27 stack frames]]>
    </failure>
  </testcase> <!-- validatingAddUserWhenEmployeeNameFieldValuesAreLessThanMinimum -->
  <testcase classname="com.hrm.testcases.TC_004_FieldLevelValidations" name="validatingAddUserWhenUserameFieldIsEmpty" time="17.163">
    <failure type="java.lang.AssertionError" message="The following asserts failed:
	expected [true] but found [false],
	expected [true] but found [false],
	expected [true] but found [false]">
      <![CDATA[java.lang.AssertionError: The following asserts failed:
expected [true] but found [false],
expected [true] but found [false],
expected [true] but found [false]
at com.hrm.testcases.TC_004_FieldLevelValidations.validatingAddUserWhenUserameFieldIsEmpty(TC_004_FieldLevelValidations.java:207)
at java.base/java.util.ArrayList.forEach(ArrayList.java:1511)
... Removed 27 stack frames]]>
    </failure>
  </testcase> <!-- validatingAddUserWhenUserameFieldIsEmpty -->
  <testcase classname="com.hrm.testcases.TC_004_FieldLevelValidations" name="verfyAddUserUsernameFieldForOnlyAlphaNumeric" time="18.641">
    <failure type="java.lang.AssertionError" message="The following asserts failed:
	expected [true] but found [false],
	expected [true] but found [false],
	expected [true] but found [false],
	expected [true] but found [false]">
      <![CDATA[java.lang.AssertionError: The following asserts failed:
expected [true] but found [false],
expected [true] but found [false],
expected [true] but found [false],
expected [true] but found [false]
at com.hrm.testcases.TC_004_FieldLevelValidations.verfyAddUserUsernameFieldForOnlyAlphaNumeric(TC_004_FieldLevelValidations.java:333)
at java.base/java.util.ArrayList.forEach(ArrayList.java:1511)
... Removed 27 stack frames]]>
    </failure>
  </testcase> <!-- verfyAddUserUsernameFieldForOnlyAlphaNumeric -->
  <testcase classname="com.hrm.testcases.TC_004_FieldLevelValidations" name="verifyAddUserUsernameFieldValueLimit" time="18.403">
    <failure type="java.lang.AssertionError" message="The following asserts failed:
	expected [true] but found [false],
	expected [true] but found [false],
	expected [true] but found [false],
	expected [true] but found [false],
	expected [true] but found [false],
	expected [true] but found [false]">
      <![CDATA[java.lang.AssertionError: The following asserts failed:
expected [true] but found [false],
expected [true] but found [false],
expected [true] but found [false],
expected [true] but found [false],
expected [true] but found [false],
expected [true] but found [false]
at com.hrm.testcases.TC_004_FieldLevelValidations.verifyAddUserUsernameFieldValueLimit(TC_004_FieldLevelValidations.java:281)
at java.base/java.util.ArrayList.forEach(ArrayList.java:1511)
... Removed 27 stack frames]]>
    </failure>
  </testcase> <!-- verifyAddUserUsernameFieldValueLimit -->
  <testcase classname="com.hrm.testcases.TC_004_FieldLevelValidations" name="verifyLoginWithTwoWrongAttempts" time="5.071">
    <failure type="java.lang.AssertionError" message="The following asserts failed:
	expected [true] but found [false],
	expected [true] but found [false],
	expected [true] but found [false],
	expected [true] but found [false],
	expected [true] but found [false],
	expected [true] but found [false],
	expected [true] but found [false]">
      <![CDATA[java.lang.AssertionError: The following asserts failed:
expected [true] but found [false],
expected [true] but found [false],
expected [true] but found [false],
expected [true] but found [false],
expected [true] but found [false],
expected [true] but found [false],
expected [true] but found [false]
at com.hrm.testcases.TC_004_FieldLevelValidations.verifyLoginWithTwoWrongAttempts(TC_004_FieldLevelValidations.java:52)
at java.base/java.util.ArrayList.forEach(ArrayList.java:1511)
... Removed 27 stack frames]]>
    </failure>
  </testcase> <!-- verifyLoginWithTwoWrongAttempts -->
  <testcase classname="com.hrm.testcases.TC_005_VerifyLogoutModule" name="verifyContentsOfTheUserProfileBtn" time="7.984"/>
  <testcase classname="com.hrm.testcases.TC_005_VerifyLogoutModule" name="verifyLogout" time="10.785"/>
  <testcase classname="com.hrm.testcases.TC_007_VerifyDashboardModule" name="verifyDashboardPageContents" time="9.48"/>
</testsuite> <!-- HrmTest1 -->
