<?xml version="1.0" encoding="UTF-8"?>
<!-- Generated by org.testng.reporters.JUnitXMLReporter -->
<testsuite ignored="0" hostname="DESKTOP-P33KVPF" failures="11" tests="25" name="HrmTest" time="812.754" errors="0" timestamp="2023-09-17T04:15:40 IST">
  <testcase classname="com.hrm.testcases.TC_003_VerifyAdminModule" name="deleteUser" time="29.051"/>
  <testcase classname="com.hrm.testcases.TC_003_VerifyAdminModule" name="verifyAdminPageContents" time="7.225"/>
  <testcase classname="com.hrm.testcases.TC_003_VerifyAdminModule" name="verifyResultsForStatusEnabled" time="13.871"/>
  <testcase classname="com.hrm.testcases.TC_003_VerifyAdminModule" name="verifyResultsForStatusDisabled" time="17.328"/>
  <testcase classname="com.hrm.testcases.TC_003_VerifyAdminModule" name="verifyResultsForUserRoleESS" time="9.419"/>
  <testcase classname="com.hrm.testcases.TC_003_VerifyAdminModule" name="verifyResultsForUserRoleAdmin" time="10.158"/>
  <testcase classname="com.hrm.testcases.TC_003_VerifyAdminModule" name="verifyUserRoleOptions" time="5.905"/>
  <testcase classname="com.hrm.testcases.TC_003_VerifyAdminModule" name="verifyStatusAfterAddingNewUser" time="15.98"/>
  <testcase classname="com.hrm.testcases.TC_003_VerifyAdminModule" name="verifySearchResultWithExistingUsername" time="10.439"/>
  <testcase classname="com.hrm.testcases.TC_003_VerifyAdminModule" name="verifyExistingEmployeeNameRecords" time="16.828"/>
  <testcase classname="com.hrm.testcases.TC_003_VerifyAdminModule" name="verifyNonExistingEmployeeNameRecords" time="10.039">
    <failure type="java.lang.AssertionError" message="The following asserts failed:
	expected [true] but found [false]">
      <![CDATA[java.lang.AssertionError: The following asserts failed:
expected [true] but found [false]
at com.hrm.testcases.TC_003_VerifyAdminModule.verifyNonExistingEmployeeNameRecords(TC_003_VerifyAdminModule.java:257)
at java.base/java.util.ArrayList.forEach(ArrayList.java:1511)
... Removed 27 stack frames]]>
    </failure>
  </testcase> <!-- verifyNonExistingEmployeeNameRecords -->
  <testcase classname="com.hrm.testcases.TC_003_VerifyAdminModule" name="verifyStatusContentsInDropDown" time="11.045"/>
  <testcase classname="com.hrm.testcases.TC_003_VerifyAdminModule" name="compareAddUserScreenshot" time="17.037">
    <failure type="java.lang.AssertionError" message="The following asserts failed:
	expected [true] but found [false],
	expected [true] but found [false]">
      <![CDATA[java.lang.AssertionError: The following asserts failed:
expected [true] but found [false],
expected [true] but found [false]
at com.hrm.testcases.TC_003_VerifyAdminModule.compareAddUserScreenshot(TC_003_VerifyAdminModule.java:407)
at java.base/java.util.ArrayList.forEach(ArrayList.java:1511)
... Removed 27 stack frames]]>
    </failure>
  </testcase> <!-- compareAddUserScreenshot -->
  <testcase classname="com.hrm.testcases.TC_003_VerifyAdminModule" name="verifyByAddingNewDuplicateUsername" time="36.084">
    <failure type="java.lang.AssertionError" message="The following asserts failed:
	expected [true] but found [false],
	expected [true] but found [false],
	expected [true] but found [false]">
      <![CDATA[java.lang.AssertionError: The following asserts failed:
expected [true] but found [false],
expected [true] but found [false],
expected [true] but found [false]
at com.hrm.testcases.TC_003_VerifyAdminModule.verifyByAddingNewDuplicateUsername(TC_003_VerifyAdminModule.java:520)
at java.base/java.util.ArrayList.forEach(ArrayList.java:1511)
... Removed 27 stack frames]]>
    </failure>
  </testcase> <!-- verifyByAddingNewDuplicateUsername -->
  <testcase classname="com.hrm.testcases.TC_005_VerifyLogoutModule" name="verifyContentsOfTheUserProfileBtn" time="6.917"/>
  <testcase classname="com.hrm.testcases.TC_005_VerifyLogoutModule" name="verifyLogout" time="12.183"/>
  <testcase classname="com.hrm.testcases.TC_002_VerifyHomeLoginWithCredentials" name="invalidPasswordAttempt" time="2.433"/>
  <testcase classname="com.hrm.testcases.TC_002_VerifyHomeLoginWithCredentials" name="validPasswordAttempt" time="12.422">
    <failure type="java.lang.AssertionError" message="The following asserts failed:
	expected [false] but found [true],
	expected [false] but found [true]">
      <![CDATA[java.lang.AssertionError: The following asserts failed:
expected [false] but found [true],
expected [false] but found [true]
at com.hrm.testcases.TC_002_VerifyHomeLoginWithCredentials.validPasswordAttempt(TC_002_VerifyHomeLoginWithCredentials.java:53)
at java.base/java.util.ArrayList.forEach(ArrayList.java:1511)
... Removed 27 stack frames]]>
    </failure>
  </testcase> <!-- validPasswordAttempt -->
  <testcase classname="com.hrm.testcases.TC_001_VerifyHomePage" name="compareHomePageScreenshot" time="0.825">
    <failure type="java.lang.AssertionError" message="The following asserts failed:
	expected [false] but found [true],
	expected [false] but found [true]">
      <![CDATA[java.lang.AssertionError: The following asserts failed:
expected [false] but found [true],
expected [false] but found [true]
at com.hrm.testcases.TC_001_VerifyHomePage.compareHomePageScreenshot(TC_001_VerifyHomePage.java:28)
at java.base/java.util.ArrayList.forEach(ArrayList.java:1511)
... Removed 27 stack frames]]>
    </failure>
  </testcase> <!-- compareHomePageScreenshot -->
  <testcase classname="com.hrm.testcases.TC_004_FieldLevelValidations" name="validatingAddUserWhenEmployeeNameFieldIsEmpty" time="25.211">
    <failure type="java.lang.AssertionError" message="The following asserts failed:
	Expected error message is not displayed:  expected [Employee name is required] but found [Required]">
      <![CDATA[java.lang.AssertionError: The following asserts failed:
Expected error message is not displayed:  expected [Employee name is required] but found [Required]
at com.hrm.testcases.TC_004_FieldLevelValidations.validatingAddUserWhenEmployeeNameFieldIsEmpty(TC_004_FieldLevelValidations.java:80)
at java.base/java.util.ArrayList.forEach(ArrayList.java:1511)
... Removed 27 stack frames]]>
    </failure>
  </testcase> <!-- validatingAddUserWhenEmployeeNameFieldIsEmpty -->
  <testcase classname="com.hrm.testcases.TC_004_FieldLevelValidations" name="validatingAddUserWhenEmployeeNameFieldValuesAreLessThanMinimum" time="19.344">
    <failure type="java.lang.AssertionError" message="The following asserts failed:
	Expected error message is not displayed:  expected [Employee name is required] but found [Required],
	Expected error message is not displayed:  expected [Employee name should be minimum of 5 letters and maximum of 100 only] but found [Invalid]">
      <![CDATA[java.lang.AssertionError: The following asserts failed:
Expected error message is not displayed:  expected [Employee name is required] but found [Required],
Expected error message is not displayed:  expected [Employee name should be minimum of 5 letters and maximum of 100 only] but found [Invalid]
at com.hrm.testcases.TC_004_FieldLevelValidations.validatingAddUserWhenEmployeeNameFieldValuesAreLessThanMinimum(TC_004_FieldLevelValidations.java:118)
at java.base/java.util.ArrayList.forEach(ArrayList.java:1511)
... Removed 27 stack frames]]>
    </failure>
  </testcase> <!-- validatingAddUserWhenEmployeeNameFieldValuesAreLessThanMinimum -->
  <testcase classname="com.hrm.testcases.TC_004_FieldLevelValidations" name="validatingAddUserWhenUserameFieldIsEmpty" time="17.841">
    <failure type="java.lang.AssertionError" message="The following asserts failed:
	Expected error message is not displayed:  expected [Employee name is required] but found [Required],
	Expected error message is not displayed:  expected [Employee name should be minimum of 5 letters and maximum of 100 only] but found [Invalid],
	Expected error message is not dsplayed:  expected [User Name is required field] but found [Required]">
      <![CDATA[java.lang.AssertionError: The following asserts failed:
Expected error message is not displayed:  expected [Employee name is required] but found [Required],
Expected error message is not displayed:  expected [Employee name should be minimum of 5 letters and maximum of 100 only] but found [Invalid],
Expected error message is not dsplayed:  expected [User Name is required field] but found [Required]
at com.hrm.testcases.TC_004_FieldLevelValidations.validatingAddUserWhenUserameFieldIsEmpty(TC_004_FieldLevelValidations.java:152)
at java.base/java.util.ArrayList.forEach(ArrayList.java:1511)
... Removed 27 stack frames]]>
    </failure>
  </testcase> <!-- validatingAddUserWhenUserameFieldIsEmpty -->
  <testcase classname="com.hrm.testcases.TC_004_FieldLevelValidations" name="verfyAddUserUsernameFieldForOnlyAlphaNumeric" time="19.322">
    <failure type="java.lang.AssertionError" message="The following asserts failed:
	Expected error message is not displayed:  expected [Employee name is required] but found [Required],
	Expected error message is not displayed:  expected [Employee name should be minimum of 5 letters and maximum of 100 only] but found [Invalid],
	Expected error message is not dsplayed:  expected [User Name is required field] but found [Required],
	expected [true] but found [false]">
      <![CDATA[java.lang.AssertionError: The following asserts failed:
Expected error message is not displayed:  expected [Employee name is required] but found [Required],
Expected error message is not displayed:  expected [Employee name should be minimum of 5 letters and maximum of 100 only] but found [Invalid],
Expected error message is not dsplayed:  expected [User Name is required field] but found [Required],
expected [true] but found [false]
at com.hrm.testcases.TC_004_FieldLevelValidations.verfyAddUserUsernameFieldForOnlyAlphaNumeric(TC_004_FieldLevelValidations.java:242)
at java.base/java.util.ArrayList.forEach(ArrayList.java:1511)
... Removed 27 stack frames]]>
    </failure>
  </testcase> <!-- verfyAddUserUsernameFieldForOnlyAlphaNumeric -->
  <testcase classname="com.hrm.testcases.TC_004_FieldLevelValidations" name="verifyAddUserUsernameFieldValueLimit" time="19.167">
    <failure type="java.lang.AssertionError" message="The following asserts failed:
	Expected error message is not displayed:  expected [Employee name is required] but found [Required],
	Expected error message is not displayed:  expected [Employee name should be minimum of 5 letters and maximum of 100 only] but found [Invalid],
	Expected error message is not dsplayed:  expected [User Name is required field] but found [Required],
	expected [true] but found [false],
	Expected error message is not dsplayed:  expected [User Name filed should be minimum of 5 letters and maximum of 20 letters] but found [Should be at least 5 characters],
	Expected error message is not dsplayed:  expected [User Name filed should be minimum of 5 letters and maximum of 20 letters] but found [Should not exceed 40 characters]">
      <![CDATA[java.lang.AssertionError: The following asserts failed:
Expected error message is not displayed:  expected [Employee name is required] but found [Required],
Expected error message is not displayed:  expected [Employee name should be minimum of 5 letters and maximum of 100 only] but found [Invalid],
Expected error message is not dsplayed:  expected [User Name is required field] but found [Required],
expected [true] but found [false],
Expected error message is not dsplayed:  expected [User Name filed should be minimum of 5 letters and maximum of 20 letters] but found [Should be at least 5 characters],
Expected error message is not dsplayed:  expected [User Name filed should be minimum of 5 letters and maximum of 20 letters] but found [Should not exceed 40 characters]
at com.hrm.testcases.TC_004_FieldLevelValidations.verifyAddUserUsernameFieldValueLimit(TC_004_FieldLevelValidations.java:195)
at java.base/java.util.ArrayList.forEach(ArrayList.java:1511)
... Removed 27 stack frames]]>
    </failure>
  </testcase> <!-- verifyAddUserUsernameFieldValueLimit -->
  <testcase classname="com.hrm.testcases.TC_004_FieldLevelValidations" name="verifyLoginWithTwoWrongAttempts" time="5.839">
    <failure type="java.lang.AssertionError" message="The following asserts failed:
	Expected error message is not displayed:  expected [Employee name is required] but found [Required],
	Expected error message is not displayed:  expected [Employee name should be minimum of 5 letters and maximum of 100 only] but found [Invalid],
	Expected error message is not dsplayed:  expected [User Name is required field] but found [Required],
	expected [true] but found [false],
	Expected error message is not dsplayed:  expected [User Name filed should be minimum of 5 letters and maximum of 20 letters] but found [Should be at least 5 characters],
	Expected error message is not dsplayed:  expected [User Name filed should be minimum of 5 letters and maximum of 20 letters] but found [Should not exceed 40 characters],
	expected [true] but found [false]">
      <![CDATA[java.lang.AssertionError: The following asserts failed:
Expected error message is not displayed:  expected [Employee name is required] but found [Required],
Expected error message is not displayed:  expected [Employee name should be minimum of 5 letters and maximum of 100 only] but found [Invalid],
Expected error message is not dsplayed:  expected [User Name is required field] but found [Required],
expected [true] but found [false],
Expected error message is not dsplayed:  expected [User Name filed should be minimum of 5 letters and maximum of 20 letters] but found [Should be at least 5 characters],
Expected error message is not dsplayed:  expected [User Name filed should be minimum of 5 letters and maximum of 20 letters] but found [Should not exceed 40 characters],
expected [true] but found [false]
at com.hrm.testcases.TC_004_FieldLevelValidations.verifyLoginWithTwoWrongAttempts(TC_004_FieldLevelValidations.java:45)
at java.base/java.util.ArrayList.forEach(ArrayList.java:1511)
... Removed 27 stack frames]]>
    </failure>
  </testcase> <!-- verifyLoginWithTwoWrongAttempts -->
</testsuite> <!-- HrmTest -->
