<?xml version="1.0" encoding="UTF-8"?>
<!-- Generated by org.testng.reporters.JUnitXMLReporter -->
<testsuite ignored="0" hostname="DESKTOP-P33KVPF" failures="0" tests="2" name="Default test" time="80.826" errors="0" timestamp="2023-09-17T20:02:29 IST">
  <testcase classname="com.hrm.testcases.TC_005_VerifyLogoutModule" name="verifyContentsOfTheUserProfileBtn" time="11.725"/>
  <testcase classname="com.hrm.testcases.TC_005_VerifyLogoutModule" name="verifyLogout" time="11.658"/>
</testsuite> <!-- Default test -->
