<?xml version="1.0" encoding="UTF-8"?>
<!-- Generated by org.testng.reporters.JUnitXMLReporter -->
<testsuite ignored="13" hostname="DESKTOP-P33KVPF" failures="0" tests="1" name="Default test" time="41.789" errors="0" timestamp="2023-09-17T02:43:48 IST">
  <testcase classname="com.hrm.testcases.TC_003_VerifyAdminModule" name="deleteUser" time="24.709"/>
  <testcase classname="com.hrm.testcases.TC_003_VerifyAdminModule" name="verifyUserRoleForUserRoleAdmin" time="0.0">
    <ignored/>
  </testcase> <!-- verifyUserRoleForUserRoleAdmin -->
  <testcase classname="com.hrm.testcases.TC_003_VerifyAdminModule" name="verifyByAddingNewDuplicateUsername" time="0.0">
    <ignored/>
  </testcase> <!-- verifyByAddingNewDuplicateUsername -->
  <testcase classname="com.hrm.testcases.TC_003_VerifyAdminModule" name="verifyUserRoleOptions" time="0.0">
    <ignored/>
  </testcase> <!-- verifyUserRoleOptions -->
  <testcase classname="com.hrm.testcases.TC_003_VerifyAdminModule" name="verifyAdminPageContents" time="0.0">
    <ignored/>
  </testcase> <!-- verifyAdminPageContents -->
  <testcase classname="com.hrm.testcases.TC_003_VerifyAdminModule" name="verifyExistingEmployeeNameRecords" time="0.0">
    <ignored/>
  </testcase> <!-- verifyExistingEmployeeNameRecords -->
  <testcase classname="com.hrm.testcases.TC_003_VerifyAdminModule" name="verifyResultsForStatusEnabled" time="0.0">
    <ignored/>
  </testcase> <!-- verifyResultsForStatusEnabled -->
  <testcase classname="com.hrm.testcases.TC_003_VerifyAdminModule" name="verifyResultsForUserRoleESS" time="0.0">
    <ignored/>
  </testcase> <!-- verifyResultsForUserRoleESS -->
  <testcase classname="com.hrm.testcases.TC_003_VerifyAdminModule" name="verifySearchResultWithExistingUsername" time="0.0">
    <ignored/>
  </testcase> <!-- verifySearchResultWithExistingUsername -->
  <testcase classname="com.hrm.testcases.TC_003_VerifyAdminModule" name="verifyResultsForStatusDisabled" time="0.0">
    <ignored/>
  </testcase> <!-- verifyResultsForStatusDisabled -->
  <testcase classname="com.hrm.testcases.TC_003_VerifyAdminModule" name="verifyStatusAfterAddingNewUser" time="0.0">
    <ignored/>
  </testcase> <!-- verifyStatusAfterAddingNewUser -->
  <testcase classname="com.hrm.testcases.TC_003_VerifyAdminModule" name="compareAddUserScreenshot" time="0.0">
    <ignored/>
  </testcase> <!-- compareAddUserScreenshot -->
  <testcase classname="com.hrm.testcases.TC_003_VerifyAdminModule" name="verifyStatusContentsInDropDown" time="0.0">
    <ignored/>
  </testcase> <!-- verifyStatusContentsInDropDown -->
  <testcase classname="com.hrm.testcases.TC_003_VerifyAdminModule" name="verifyNonExistingEmployeeNameRecords" time="0.0">
    <ignored/>
  </testcase> <!-- verifyNonExistingEmployeeNameRecords -->
</testsuite> <!-- Default test -->
